<?xml version="1.0" encoding="UTF-8"?>
<!-- Generated by org.testng.reporters.JUnitXMLReporter -->
<testsuite ignored="1" hostname="ActiveMac03s-iMac.local" failures="1" tests="6" name="Smoke" time="58.911" errors="0" timestamp="2022-03-15T12:15:30 IST">
  <testcase classname="com.LW.generics.LWBaseClass" name="@AfterMethod LWUtility" time="0.03">
    <failure type="org.openqa.selenium.NoSuchWindowException" message="no such window: target window already closed
from unknown error: web view not found
  (Session info: chrome=99.0.4844.51)
Build info: version: &amp;apos;3.141.59&amp;apos;, revision: &amp;apos;e82be7d358&amp;apos;, time: &amp;apos;2018-11-14T08:17:03&amp;apos;
System info: host: &amp;apos;ActiveMac03s-iMac.local&amp;apos;, ip: &amp;apos;192.168.1.3&amp;apos;, os.name: &amp;apos;Mac OS X&amp;apos;, os.arch: &amp;apos;x86_64&amp;apos;, os.version: &amp;apos;10.13.6&amp;apos;, java.version: &amp;apos;11.0.14&amp;apos;
Driver info: org.openqa.selenium.chrome.ChromeDriver
Capabilities {acceptInsecureCerts: false, browserName: chrome, browserVersion: 99.0.4844.51, chrome: {chromedriverVersion: 98.0.4758.80 (7f0488e8ba0d8..., userDataDir: /var/folders/49/05hyv0297r9...}, goog:chromeOptions: {debuggerAddress: localhost:51631}, javascriptEnabled: true, networkConnectionEnabled: false, pageLoadStrategy: normal, platform: MAC, platformName: MAC, proxy: Proxy(), setWindowRect: true, strictFileInteractability: false, timeouts: {implicit: 0, pageLoad: 300000, script: 30000}, unhandledPromptBehavior: dismiss and notify, webauthn:extension:credBlob: true, webauthn:extension:largeBlob: true, webauthn:virtualAuthenticators: true}
Session ID: 71df5afb679cdff4e41bc6f01a72d0de">
      <![CDATA[org.openqa.selenium.NoSuchWindowException: no such window: target window already closed
from unknown error: web view not found
  (Session info: chrome=99.0.4844.51)
Build info: version: '3.141.59', revision: 'e82be7d358', time: '2018-11-14T08:17:03'
System info: host: 'ActiveMac03s-iMac.local', ip: '192.168.1.3', os.name: 'Mac OS X', os.arch: 'x86_64', os.version: '10.13.6', java.version: '11.0.14'
Driver info: org.openqa.selenium.chrome.ChromeDriver
Capabilities {acceptInsecureCerts: false, browserName: chrome, browserVersion: 99.0.4844.51, chrome: {chromedriverVersion: 98.0.4758.80 (7f0488e8ba0d8..., userDataDir: /var/folders/49/05hyv0297r9...}, goog:chromeOptions: {debuggerAddress: localhost:51631}, javascriptEnabled: true, networkConnectionEnabled: false, pageLoadStrategy: normal, platform: MAC, platformName: MAC, proxy: Proxy(), setWindowRect: true, strictFileInteractability: false, timeouts: {implicit: 0, pageLoad: 300000, script: 30000}, unhandledPromptBehavior: dismiss and notify, webauthn:extension:credBlob: true, webauthn:extension:largeBlob: true, webauthn:virtualAuthenticators: true}
Session ID: 71df5afb679cdff4e41bc6f01a72d0de
at org.openqa.selenium.remote.http.W3CHttpResponseCodec.createException(W3CHttpResponseCodec.java:187)
at org.openqa.selenium.remote.http.W3CHttpResponseCodec.decode(W3CHttpResponseCodec.java:122)
at org.openqa.selenium.remote.http.W3CHttpResponseCodec.decode(W3CHttpResponseCodec.java:49)
at org.openqa.selenium.remote.HttpCommandExecutor.execute(HttpCommandExecutor.java:158)
at org.openqa.selenium.remote.service.DriverCommandExecutor.execute(DriverCommandExecutor.java:83)
at org.openqa.selenium.remote.RemoteWebDriver.execute(RemoteWebDriver.java:552)
at org.openqa.selenium.remote.RemoteWebDriver.execute(RemoteWebDriver.java:609)
at org.openqa.selenium.remote.RemoteWebDriver.getScreenshotAs(RemoteWebDriver.java:295)
at com.LW.generics.LWBaseClass.getScreenShot(LWBaseClass.java:131)
at com.LW.generics.LWBaseClass.LWUtility(LWBaseClass.java:171)
at java.base/java.util.ArrayList.forEach(ArrayList.java:1541)
... Removed 36 stack frames]]>
    </failure>
  </testcase> <!-- @AfterMethod LWUtility -->
  <testcase classname="com.LW.generics.LWBaseClass" name="@AfterMethod logout" time="-1.647326729147E9">
    <skipped/>
  </testcase> <!-- @AfterMethod logout -->
  <testcase classname="com.LW.generics.LWBaseClass" name="@BeforeMethod login" time="-1.647326729158E9">
    <skipped/>
  </testcase> <!-- @BeforeMethod login -->
  <testcase classname="com.LW.generics.LWBaseClass" name="@AfterMethod LWUtility" time="-1.647326729172E9">
    <skipped/>
  </testcase> <!-- @AfterMethod LWUtility -->
  <testcase classname="com.LW.generics.LWBaseClass" name="@AfterMethod logout" time="-1.647326729179E9">
    <skipped/>
  </testcase> <!-- @AfterMethod logout -->
  <testcase classname="com.LW.generics.LWBaseClass" name="@BeforeMethod login" time="-1.647326729183E9">
    <skipped/>
  </testcase> <!-- @BeforeMethod login -->
  <testcase classname="com.LW.generics.LWBaseClass" name="@AfterMethod LWUtility" time="-1.647326729195E9">
    <skipped/>
  </testcase> <!-- @AfterMethod LWUtility -->
  <testcase classname="com.LW.generics.LWBaseClass" name="@AfterMethod logout" time="-1.6473267292E9">
    <skipped/>
  </testcase> <!-- @AfterMethod logout -->
  <testcase classname="com.LW.generics.LWBaseClass" name="@BeforeMethod login" time="-1.647326729205E9">
    <skipped/>
  </testcase> <!-- @BeforeMethod login -->
  <testcase classname="com.LW.generics.LWBaseClass" name="@AfterMethod LWUtility" time="-1.647326729221E9">
    <skipped/>
  </testcase> <!-- @AfterMethod LWUtility -->
  <testcase classname="com.LW.generics.LWBaseClass" name="@AfterMethod logout" time="-1.647326729227E9">
    <skipped/>
  </testcase> <!-- @AfterMethod logout -->
  <testcase classname="com.LW.generics.LWBaseClass" name="@BeforeMethod login" time="-1.647326729233E9">
    <skipped/>
  </testcase> <!-- @BeforeMethod login -->
  <testcase classname="com.LW.generics.LWBaseClass" name="@AfterMethod LWUtility" time="-1.647326729256E9">
    <skipped/>
  </testcase> <!-- @AfterMethod LWUtility -->
  <testcase classname="com.LW.generics.LWBaseClass" name="@AfterMethod logout" time="-1.647326729262E9">
    <skipped/>
  </testcase> <!-- @AfterMethod logout -->
  <testcase classname="com.LW.generics.LWBaseClass" name="@BeforeMethod login" time="-1.647326729266E9">
    <skipped/>
  </testcase> <!-- @BeforeMethod login -->
  <testcase classname="com.LW.generics.LWBaseClass" name="@AfterMethod LWUtility" time="-1.64732672928E9">
    <skipped/>
  </testcase> <!-- @AfterMethod LWUtility -->
  <testcase classname="com.LW.generics.LWBaseClass" name="@AfterMethod logout" time="-1.647326729281E9">
    <skipped/>
  </testcase> <!-- @AfterMethod logout -->
  <testcase classname="com.LW.generics.LWBaseClass" name="@AfterTest closeBrowser" time="1.317">
    <failure type="org.openqa.selenium.NoSuchWindowException" message="no such window: target window already closed
from unknown error: web view not found
  (Session info: chrome=99.0.4844.51)
Build info: version: &amp;apos;3.141.59&amp;apos;, revision: &amp;apos;e82be7d358&amp;apos;, time: &amp;apos;2018-11-14T08:17:03&amp;apos;
System info: host: &amp;apos;ActiveMac03s-iMac.local&amp;apos;, ip: &amp;apos;192.168.1.3&amp;apos;, os.name: &amp;apos;Mac OS X&amp;apos;, os.arch: &amp;apos;x86_64&amp;apos;, os.version: &amp;apos;10.13.6&amp;apos;, java.version: &amp;apos;11.0.14&amp;apos;
Driver info: org.openqa.selenium.chrome.ChromeDriver
Capabilities {acceptInsecureCerts: false, browserName: chrome, browserVersion: 99.0.4844.51, chrome: {chromedriverVersion: 98.0.4758.80 (7f0488e8ba0d8..., userDataDir: /var/folders/49/05hyv0297r9...}, goog:chromeOptions: {debuggerAddress: localhost:51631}, javascriptEnabled: true, networkConnectionEnabled: false, pageLoadStrategy: normal, platform: MAC, platformName: MAC, proxy: Proxy(), setWindowRect: true, strictFileInteractability: false, timeouts: {implicit: 0, pageLoad: 300000, script: 30000}, unhandledPromptBehavior: dismiss and notify, webauthn:extension:credBlob: true, webauthn:extension:largeBlob: true, webauthn:virtualAuthenticators: true}
Session ID: 71df5afb679cdff4e41bc6f01a72d0de">
      <![CDATA[org.openqa.selenium.NoSuchWindowException: no such window: target window already closed
from unknown error: web view not found
  (Session info: chrome=99.0.4844.51)
Build info: version: '3.141.59', revision: 'e82be7d358', time: '2018-11-14T08:17:03'
System info: host: 'ActiveMac03s-iMac.local', ip: '192.168.1.3', os.name: 'Mac OS X', os.arch: 'x86_64', os.version: '10.13.6', java.version: '11.0.14'
Driver info: org.openqa.selenium.chrome.ChromeDriver
Capabilities {acceptInsecureCerts: false, browserName: chrome, browserVersion: 99.0.4844.51, chrome: {chromedriverVersion: 98.0.4758.80 (7f0488e8ba0d8..., userDataDir: /var/folders/49/05hyv0297r9...}, goog:chromeOptions: {debuggerAddress: localhost:51631}, javascriptEnabled: true, networkConnectionEnabled: false, pageLoadStrategy: normal, platform: MAC, platformName: MAC, proxy: Proxy(), setWindowRect: true, strictFileInteractability: false, timeouts: {implicit: 0, pageLoad: 300000, script: 30000}, unhandledPromptBehavior: dismiss and notify, webauthn:extension:credBlob: true, webauthn:extension:largeBlob: true, webauthn:virtualAuthenticators: true}
Session ID: 71df5afb679cdff4e41bc6f01a72d0de
at org.openqa.selenium.remote.http.W3CHttpResponseCodec.createException(W3CHttpResponseCodec.java:187)
at org.openqa.selenium.remote.http.W3CHttpResponseCodec.decode(W3CHttpResponseCodec.java:122)
at org.openqa.selenium.remote.http.W3CHttpResponseCodec.decode(W3CHttpResponseCodec.java:49)
at org.openqa.selenium.remote.HttpCommandExecutor.execute(HttpCommandExecutor.java:158)
at org.openqa.selenium.remote.service.DriverCommandExecutor.execute(DriverCommandExecutor.java:83)
at org.openqa.selenium.remote.RemoteWebDriver.execute(RemoteWebDriver.java:552)
at org.openqa.selenium.remote.RemoteWebDriver.execute(RemoteWebDriver.java:609)
at org.openqa.selenium.remote.RemoteWebDriver.close(RemoteWebDriver.java:442)
at com.LW.generics.LWBaseClass.closeBrowser(LWBaseClass.java:119)
... Removed 28 stack frames]]>
    </failure>
  </testcase> <!-- @AfterTest closeBrowser -->
  <testcase classname="com.LW.test.lwFullCheckList" name="Checklist1_InternalLogin" time="10.759">
    <failure type="org.openqa.selenium.NoSuchElementException" message="Cannot locate an element using xpath=//input[@name=&amp;quot;login_username&amp;quot;]
For documentation on this error, please visit: https://www.seleniumhq.org/exceptions/no_such_element.html
Build info: version: &amp;apos;3.141.59&amp;apos;, revision: &amp;apos;e82be7d358&amp;apos;, time: &amp;apos;2018-11-14T08:17:03&amp;apos;
System info: host: &amp;apos;ActiveMac03s-iMac.local&amp;apos;, ip: &amp;apos;192.168.1.3&amp;apos;, os.name: &amp;apos;Mac OS X&amp;apos;, os.arch: &amp;apos;x86_64&amp;apos;, os.version: &amp;apos;10.13.6&amp;apos;, java.version: &amp;apos;11.0.14&amp;apos;
Driver info: driver.version: RemoteWebDriver">
      <![CDATA[org.openqa.selenium.NoSuchElementException: Cannot locate an element using xpath=//input[@name="login_username"]
For documentation on this error, please visit: https://www.seleniumhq.org/exceptions/no_such_element.html
Build info: version: '3.141.59', revision: 'e82be7d358', time: '2018-11-14T08:17:03'
System info: host: 'ActiveMac03s-iMac.local', ip: '192.168.1.3', os.name: 'Mac OS X', os.arch: 'x86_64', os.version: '10.13.6', java.version: '11.0.14'
Driver info: driver.version: RemoteWebDriver
at org.openqa.selenium.remote.RemoteWebDriver.findElement(RemoteWebDriver.java:327)
at org.openqa.selenium.remote.RemoteWebDriver.findElementByXPath(RemoteWebDriver.java:428)
at org.openqa.selenium.By$ByXPath.findElement(By.java:353)
at org.openqa.selenium.remote.RemoteWebDriver.findElement(RemoteWebDriver.java:315)
at org.openqa.selenium.support.pagefactory.DefaultElementLocator.findElement(DefaultElementLocator.java:69)
at org.openqa.selenium.support.pagefactory.internal.LocatingElementHandler.invoke(LocatingElementHandler.java:38)
at com.sun.proxy.$Proxy14.click(Unknown Source)
at com.LW.Pom.InternalLogin.setLogin(InternalLogin.java:35)
at com.LW.test.lwFullCheckList.Checklist1_InternalLogin(lwFullCheckList.java:51)
at java.base/java.util.ArrayList.forEach(ArrayList.java:1541)
... Removed 27 stack frames]]>
    </failure>
  </testcase> <!-- Checklist1_InternalLogin -->
  <testcase classname="com.LW.test.lwFullCheckList" name="Checklist2_backend" time="0.0">
    <skipped/>
  </testcase> <!-- Checklist2_backend -->
  <testcase classname="com.LW.test.lwFullCheckList" name="Checklist3and4_backend_EQuestionnaireForNewAndOldDocument" time="0.0">
    <skipped/>
  </testcase> <!-- Checklist3and4_backend_EQuestionnaireForNewAndOldDocument -->
  <testcase classname="com.LW.test.lwFullCheckList" name="Cheklist7_IndividualUser_TillPreviewPage" time="0.0">
    <skipped/>
  </testcase> <!-- Cheklist7_IndividualUser_TillPreviewPage -->
  <testcase classname="com.LW.test.lwFullCheckList" name="Cheklist8_InternalUser_TillPreviewPage" time="0.0">
    <skipped/>
  </testcase> <!-- Cheklist8_InternalUser_TillPreviewPage -->
  <testcase classname="com.LW.test.lwFullCheckList" name="Checklist5_BackEndBasicFunctionality" time="0.0">
    <skipped/>
  </testcase> <!-- Checklist5_BackEndBasicFunctionality -->
  <testcase classname="com.LW.test.lwFullCheckList" name="TestMyAccount" time="0.0">
    <ignored/>
  </testcase> <!-- TestMyAccount -->
</testsuite> <!-- Smoke -->
